Analysis & Synthesis report for vga_d
Mon Mar 10 10:58:14 2014
Quartus II Version 9.1 Build 222 10/21/2009 SJ Full Version


---------------------
; Table of Contents ;
---------------------
  1. Legal Notice
  2. Analysis & Synthesis Summary
  3. Analysis & Synthesis Settings
  4. Parallel Compilation
  5. Analysis & Synthesis Source Files Read
  6. Analysis & Synthesis Resource Usage Summary
  7. Analysis & Synthesis Resource Utilization by Entity
  8. Analysis & Synthesis DSP Block Usage Summary
  9. User-Specified and Inferred Latches
 10. Logic Cells Representing Combinational Loops
 11. Registers Removed During Synthesis
 12. General Register Statistics
 13. Inverted Register Statistics
 14. Multiplexer Restructuring Statistics (Restructuring Performed)
 15. Parameter Settings for User Entity Instance: VGA_display:dis
 16. Parameter Settings for Inferred Entity Instance: VGA_display:dis|lpm_mult:Mult0
 17. Parameter Settings for Inferred Entity Instance: VGA_display:dis|lpm_mult:Mult1
 18. Parameter Settings for Inferred Entity Instance: VGA_display:dis|lpm_mult:Mult2
 19. Parameter Settings for Inferred Entity Instance: VGA_display:dis|lpm_mult:Mult3
 20. Parameter Settings for Inferred Entity Instance: VGA_display:dis|lpm_mult:Mult4
 21. Parameter Settings for Inferred Entity Instance: VGA_display:dis|lpm_mult:Mult5
 22. lpm_mult Parameter Settings by Entity Instance
 23. Analysis & Synthesis Messages
 24. Analysis & Synthesis Suppressed Messages



----------------
; Legal Notice ;
----------------
Copyright (C) 1991-2009 Altera Corporation
Your use of Altera Corporation's design tools, logic functions 
and other software and tools, and its AMPP partner logic 
functions, and any output files from any of the foregoing 
(including device programming or simulation files), and any 
associated documentation or information are expressly subject 
to the terms and conditions of the Altera Program License 
Subscription Agreement, Altera MegaCore Function License 
Agreement, or other applicable license agreement, including, 
without limitation, that your use is for the sole purpose of 
programming logic devices manufactured by Altera and sold by 
Altera or its authorized distributors.  Please refer to the 
applicable agreement for further details.



+-------------------------------------------------------------------------------+
; Analysis & Synthesis Summary                                                  ;
+------------------------------------+------------------------------------------+
; Analysis & Synthesis Status        ; Successful - Mon Mar 10 10:58:14 2014    ;
; Quartus II Version                 ; 9.1 Build 222 10/21/2009 SJ Full Version ;
; Revision Name                      ; vga_d                                    ;
; Top-level Entity Name              ; vga_d                                    ;
; Family                             ; Cyclone III                              ;
; Total logic elements               ; 1,150                                    ;
;     Total combinational functions  ; 1,138                                    ;
;     Dedicated logic registers      ; 237                                      ;
; Total registers                    ; 237                                      ;
; Total pins                         ; 23                                       ;
; Total virtual pins                 ; 0                                        ;
; Total memory bits                  ; 0                                        ;
; Embedded Multiplier 9-bit elements ; 12                                       ;
; Total PLLs                         ; 0                                        ;
+------------------------------------+------------------------------------------+


+----------------------------------------------------------------------------------------------------------------------+
; Analysis & Synthesis Settings                                                                                        ;
+----------------------------------------------------------------------------+--------------------+--------------------+
; Option                                                                     ; Setting            ; Default Value      ;
+----------------------------------------------------------------------------+--------------------+--------------------+
; Device                                                                     ; EP3C16F484C6       ;                    ;
; Top-level entity name                                                      ; vga_d              ; vga_d              ;
; Family name                                                                ; Cyclone III        ; Stratix II         ;
; Use Generated Physical Constraints File                                    ; Off                ;                    ;
; Use smart compilation                                                      ; Off                ; Off                ;
; Enable parallel Assembler and TimeQuest Timing Analyzer during compilation ; On                 ; On                 ;
; Enable compact report table                                                ; Off                ; Off                ;
; Restructure Multiplexers                                                   ; Auto               ; Auto               ;
; Create Debugging Nodes for IP Cores                                        ; Off                ; Off                ;
; Preserve fewer node names                                                  ; On                 ; On                 ;
; Disable OpenCore Plus hardware evaluation                                  ; Off                ; Off                ;
; Verilog Version                                                            ; Verilog_2001       ; Verilog_2001       ;
; VHDL Version                                                               ; VHDL_1993          ; VHDL_1993          ;
; State Machine Processing                                                   ; Auto               ; Auto               ;
; Safe State Machine                                                         ; Off                ; Off                ;
; Extract Verilog State Machines                                             ; On                 ; On                 ;
; Extract VHDL State Machines                                                ; On                 ; On                 ;
; Ignore Verilog initial constructs                                          ; Off                ; Off                ;
; Iteration limit for constant Verilog loops                                 ; 5000               ; 5000               ;
; Iteration limit for non-constant Verilog loops                             ; 250                ; 250                ;
; Add Pass-Through Logic to Inferred RAMs                                    ; On                 ; On                 ;
; Parallel Synthesis                                                         ; On                 ; On                 ;
; DSP Block Balancing                                                        ; Auto               ; Auto               ;
; NOT Gate Push-Back                                                         ; On                 ; On                 ;
; Power-Up Don't Care                                                        ; On                 ; On                 ;
; Remove Redundant Logic Cells                                               ; Off                ; Off                ;
; Remove Duplicate Registers                                                 ; On                 ; On                 ;
; Ignore CARRY Buffers                                                       ; Off                ; Off                ;
; Ignore CASCADE Buffers                                                     ; Off                ; Off                ;
; Ignore GLOBAL Buffers                                                      ; Off                ; Off                ;
; Ignore ROW GLOBAL Buffers                                                  ; Off                ; Off                ;
; Ignore LCELL Buffers                                                       ; Off                ; Off                ;
; Ignore SOFT Buffers                                                        ; On                 ; On                 ;
; Limit AHDL Integers to 32 Bits                                             ; Off                ; Off                ;
; Optimization Technique                                                     ; Balanced           ; Balanced           ;
; Carry Chain Length                                                         ; 70                 ; 70                 ;
; Auto Carry Chains                                                          ; On                 ; On                 ;
; Auto Open-Drain Pins                                                       ; On                 ; On                 ;
; Perform WYSIWYG Primitive Resynthesis                                      ; Off                ; Off                ;
; Auto ROM Replacement                                                       ; On                 ; On                 ;
; Auto RAM Replacement                                                       ; On                 ; On                 ;
; Auto DSP Block Replacement                                                 ; On                 ; On                 ;
; Auto Shift Register Replacement                                            ; Auto               ; Auto               ;
; Auto Clock Enable Replacement                                              ; On                 ; On                 ;
; Strict RAM Replacement                                                     ; Off                ; Off                ;
; Allow Synchronous Control Signals                                          ; On                 ; On                 ;
; Force Use of Synchronous Clear Signals                                     ; Off                ; Off                ;
; Auto RAM Block Balancing                                                   ; On                 ; On                 ;
; Auto RAM to Logic Cell Conversion                                          ; Off                ; Off                ;
; Auto Resource Sharing                                                      ; Off                ; Off                ;
; Allow Any RAM Size For Recognition                                         ; Off                ; Off                ;
; Allow Any ROM Size For Recognition                                         ; Off                ; Off                ;
; Allow Any Shift Register Size For Recognition                              ; Off                ; Off                ;
; Use LogicLock Constraints during Resource Balancing                        ; On                 ; On                 ;
; Ignore translate_off and synthesis_off directives                          ; Off                ; Off                ;
; Timing-Driven Synthesis                                                    ; On                 ; On                 ;
; Show Parameter Settings Tables in Synthesis Report                         ; On                 ; On                 ;
; Ignore Maximum Fan-Out Assignments                                         ; Off                ; Off                ;
; Synchronization Register Chain Length                                      ; 2                  ; 2                  ;
; PowerPlay Power Optimization                                               ; Normal compilation ; Normal compilation ;
; HDL message level                                                          ; Level2             ; Level2             ;
; Suppress Register Optimization Related Messages                            ; Off                ; Off                ;
; Number of Removed Registers Reported in Synthesis Report                   ; 100                ; 100                ;
; Number of Inverted Registers Reported in Synthesis Report                  ; 100                ; 100                ;
; Clock MUX Protection                                                       ; On                 ; On                 ;
; Auto Gated Clock Conversion                                                ; Off                ; Off                ;
; Block Design Naming                                                        ; Auto               ; Auto               ;
; SDC constraint protection                                                  ; Off                ; Off                ;
; Synthesis Effort                                                           ; Auto               ; Auto               ;
; Shift Register Replacement - Allow Asynchronous Clear Signal               ; On                 ; On                 ;
; Analysis & Synthesis Message Level                                         ; Medium             ; Medium             ;
; Disable Register Merging Across Hierarchies                                ; Auto               ; Auto               ;
; Resource Aware Inference For Block RAM                                     ; On                 ; On                 ;
+----------------------------------------------------------------------------+--------------------+--------------------+


+------------------------------------------+
; Parallel Compilation                     ;
+----------------------------+-------------+
; Processors                 ; Number      ;
+----------------------------+-------------+
; Number detected on machine ; 2           ;
; Maximum allowed            ; 2           ;
;                            ;             ;
; Average used               ; 1.00        ;
; Maximum used               ; 2           ;
;                            ;             ;
; Usage by Processor         ; % Time Used ;
;     1 processor            ; 100.0%      ;
;     2 processors           ; < 0.1%      ;
+----------------------------+-------------+


+--------------------------------------------------------------------------------------------------------------------------------------------+
; Analysis & Synthesis Source Files Read                                                                                                     ;
+----------------------------------+-----------------+------------------------------+--------------------------------------------------------+
; File Name with User-Entered Path ; Used in Netlist ; File Type                    ; File Name with Absolute Path                           ;
+----------------------------------+-----------------+------------------------------+--------------------------------------------------------+
; ps2_top.v                        ; yes             ; User Verilog HDL File        ; D:/zhuangqiu/ps2_top.v                                 ;
; vga_d.v                          ; yes             ; User Verilog HDL File        ; D:/zhuangqiu/vga_d.v                                   ;
; VGA_display.v                    ; yes             ; User Verilog HDL File        ; D:/zhuangqiu/VGA_display.v                             ;
; VGA_sm.v                         ; yes             ; User Verilog HDL File        ; D:/zhuangqiu/VGA_sm.v                                  ;
; lpm_mult.tdf                     ; yes             ; Megafunction                 ; d:/altera/quartus/libraries/megafunctions/lpm_mult.tdf ;
; db/mult_g4t.tdf                  ; yes             ; Auto-Generated Megafunction  ; D:/zhuangqiu/db/mult_g4t.tdf                           ;
+----------------------------------+-----------------+------------------------------+--------------------------------------------------------+


+-----------------------------------------------------------+
; Analysis & Synthesis Resource Usage Summary               ;
+---------------------------------------------+-------------+
; Resource                                    ; Usage       ;
+---------------------------------------------+-------------+
; Estimated Total logic elements              ; 1,150       ;
;                                             ;             ;
; Total combinational functions               ; 1138        ;
; Logic element usage by number of LUT inputs ;             ;
;     -- 4 input functions                    ; 460         ;
;     -- 3 input functions                    ; 388         ;
;     -- <=2 input functions                  ; 290         ;
;                                             ;             ;
; Logic elements by mode                      ;             ;
;     -- normal mode                          ; 660         ;
;     -- arithmetic mode                      ; 478         ;
;                                             ;             ;
; Total registers                             ; 237         ;
;     -- Dedicated logic registers            ; 237         ;
;     -- I/O registers                        ; 0           ;
;                                             ;             ;
; I/O pins                                    ; 23          ;
; Embedded Multiplier 9-bit elements          ; 12          ;
; Maximum fan-out node                        ; reset~input ;
; Maximum fan-out                             ; 206         ;
; Total fan-out                               ; 4426        ;
; Average fan-out                             ; 3.09        ;
+---------------------------------------------+-------------+


+-------------------------------------------------------------------------------------------------------------------------------------------------------------------------------------------------------------------------------+
; Analysis & Synthesis Resource Utilization by Entity                                                                                                                                                                           ;
+------------------------------------+-------------------+--------------+-------------+--------------+---------+-----------+------+--------------+---------------------------------------------------------------+--------------+
; Compilation Hierarchy Node         ; LC Combinationals ; LC Registers ; Memory Bits ; DSP Elements ; DSP 9x9 ; DSP 18x18 ; Pins ; Virtual Pins ; Full Hierarchy Name                                           ; Library Name ;
+------------------------------------+-------------------+--------------+-------------+--------------+---------+-----------+------+--------------+---------------------------------------------------------------+--------------+
; |vga_d                             ; 1138 (46)         ; 237 (34)     ; 0           ; 12           ; 0       ; 6         ; 23   ; 0            ; |vga_d                                                        ; work         ;
;    |VGA_display:dis|               ; 904 (904)         ; 112 (112)    ; 0           ; 12           ; 0       ; 6         ; 0    ; 0            ; |vga_d|VGA_display:dis                                        ;              ;
;       |lpm_mult:Mult0|             ; 0 (0)             ; 0 (0)        ; 0           ; 2            ; 0       ; 1         ; 0    ; 0            ; |vga_d|VGA_display:dis|lpm_mult:Mult0                         ;              ;
;          |mult_g4t:auto_generated| ; 0 (0)             ; 0 (0)        ; 0           ; 2            ; 0       ; 1         ; 0    ; 0            ; |vga_d|VGA_display:dis|lpm_mult:Mult0|mult_g4t:auto_generated ;              ;
;       |lpm_mult:Mult1|             ; 0 (0)             ; 0 (0)        ; 0           ; 2            ; 0       ; 1         ; 0    ; 0            ; |vga_d|VGA_display:dis|lpm_mult:Mult1                         ;              ;
;          |mult_g4t:auto_generated| ; 0 (0)             ; 0 (0)        ; 0           ; 2            ; 0       ; 1         ; 0    ; 0            ; |vga_d|VGA_display:dis|lpm_mult:Mult1|mult_g4t:auto_generated ;              ;
;       |lpm_mult:Mult2|             ; 0 (0)             ; 0 (0)        ; 0           ; 2            ; 0       ; 1         ; 0    ; 0            ; |vga_d|VGA_display:dis|lpm_mult:Mult2                         ;              ;
;          |mult_g4t:auto_generated| ; 0 (0)             ; 0 (0)        ; 0           ; 2            ; 0       ; 1         ; 0    ; 0            ; |vga_d|VGA_display:dis|lpm_mult:Mult2|mult_g4t:auto_generated ;              ;
;       |lpm_mult:Mult3|             ; 0 (0)             ; 0 (0)        ; 0           ; 2            ; 0       ; 1         ; 0    ; 0            ; |vga_d|VGA_display:dis|lpm_mult:Mult3                         ;              ;
;          |mult_g4t:auto_generated| ; 0 (0)             ; 0 (0)        ; 0           ; 2            ; 0       ; 1         ; 0    ; 0            ; |vga_d|VGA_display:dis|lpm_mult:Mult3|mult_g4t:auto_generated ;              ;
;       |lpm_mult:Mult4|             ; 0 (0)             ; 0 (0)        ; 0           ; 2            ; 0       ; 1         ; 0    ; 0            ; |vga_d|VGA_display:dis|lpm_mult:Mult4                         ;              ;
;          |mult_g4t:auto_generated| ; 0 (0)             ; 0 (0)        ; 0           ; 2            ; 0       ; 1         ; 0    ; 0            ; |vga_d|VGA_display:dis|lpm_mult:Mult4|mult_g4t:auto_generated ;              ;
;       |lpm_mult:Mult5|             ; 0 (0)             ; 0 (0)        ; 0           ; 2            ; 0       ; 1         ; 0    ; 0            ; |vga_d|VGA_display:dis|lpm_mult:Mult5                         ;              ;
;          |mult_g4t:auto_generated| ; 0 (0)             ; 0 (0)        ; 0           ; 2            ; 0       ; 1         ; 0    ; 0            ; |vga_d|VGA_display:dis|lpm_mult:Mult5|mult_g4t:auto_generated ;              ;
;    |VGA_sm:sm|                     ; 96 (96)           ; 66 (66)      ; 0           ; 0            ; 0       ; 0         ; 0    ; 0            ; |vga_d|VGA_sm:sm                                              ;              ;
;    |ps2_top:comb_154|              ; 92 (92)           ; 25 (25)      ; 0           ; 0            ; 0       ; 0         ; 0    ; 0            ; |vga_d|ps2_top:comb_154                                       ;              ;
+------------------------------------+-------------------+--------------+-------------+--------------+---------+-----------+------+--------------+---------------------------------------------------------------+--------------+
Note: For table entries with two numbers listed, the numbers in parentheses indicate the number of resources of the given type used by the specific entity alone. The numbers listed outside of parentheses indicate the total resources of the given type used by the specific entity and all of its sub-entities in the hierarchy.


+-----------------------------------------------------+
; Analysis & Synthesis DSP Block Usage Summary        ;
+---------------------------------------+-------------+
; Statistic                             ; Number Used ;
+---------------------------------------+-------------+
; Simple Multipliers (9-bit)            ; 0           ;
; Simple Multipliers (18-bit)           ; 6           ;
; Embedded Multiplier Blocks            ; --          ;
; Embedded Multiplier 9-bit elements    ; 12          ;
; Signed Embedded Multipliers           ; 6           ;
; Unsigned Embedded Multipliers         ; 0           ;
; Mixed Sign Embedded Multipliers       ; 0           ;
; Variable Sign Embedded Multipliers    ; 0           ;
; Dedicated Input Shift Register Chains ; 0           ;
+---------------------------------------+-------------+
Note: number of Embedded Multiplier Blocks used is only available after a successful fit.


+----------------------------------------------------------------------------------------------------+
; User-Specified and Inferred Latches                                                                ;
+----------------------------------------------------+----------------------+------------------------+
; Latch Name                                         ; Latch Enable Signal  ; Free of Timing Hazards ;
+----------------------------------------------------+----------------------+------------------------+
; VGA_display:dis|RGB[5]                             ; VGA_display:dis|Mux8 ; yes                    ;
; VGA_display:dis|RGB[6]                             ; VGA_display:dis|Mux8 ; yes                    ;
; VGA_display:dis|RGB[7]                             ; VGA_display:dis|Mux8 ; yes                    ;
; VGA_display:dis|RGB[0]                             ; VGA_display:dis|Mux8 ; yes                    ;
; VGA_display:dis|RGB[1]                             ; VGA_display:dis|Mux8 ; yes                    ;
; VGA_display:dis|RGB[2]                             ; VGA_display:dis|Mux8 ; yes                    ;
; VGA_display:dis|RGB[3]                             ; VGA_display:dis|Mux8 ; yes                    ;
; VGA_display:dis|RGB[4]                             ; VGA_display:dis|Mux8 ; yes                    ;
; Number of user-specified and inferred latches = 8  ;                      ;                        ;
+----------------------------------------------------+----------------------+------------------------+
Note: All latches listed above may not be present at the end of synthesis due to various synthesis optimizations.


+------------------------------------------------------------+
; Logic Cells Representing Combinational Loops               ;
+--------------------------------------------------------+---+
; Logic Cell Name                                        ;   ;
+--------------------------------------------------------+---+
; VGA_display:dis|Add34~0                                ;   ;
; VGA_display:dis|Add42~0                                ;   ;
; Number of logic cells representing combinational loops ; 2 ;
+--------------------------------------------------------+---+
Note: All cells listed above may not be present at the end of synthesis due to various synthesis optimizations.


+----------------------------------------------------------------------------------------------------------+
; Registers Removed During Synthesis                                                                       ;
+---------------------------------------------------------------+------------------------------------------+
; Register name                                                 ; Reason for Removal                       ;
+---------------------------------------------------------------+------------------------------------------+
; VGA_display:dis|block1_x[7..8,11,13..14,16..18,21..22,24..32] ; Stuck at GND due to stuck port data_in   ;
; VGA_display:dis|block1_y[7..8,11,13..14,16..18,21..22,24..32] ; Stuck at GND due to stuck port data_in   ;
; VGA_display:dis|block2_x[11,13..14,16..18,21..22,24..32]      ; Stuck at GND due to stuck port data_in   ;
; VGA_display:dis|block2_y[7..8,11,13..14,16..18,21..22,24..32] ; Stuck at GND due to stuck port data_in   ;
; VGA_display:dis|block3_x[7..8,11,13..14,16..18,21..22,24..32] ; Stuck at GND due to stuck port data_in   ;
; VGA_display:dis|block3_y[8,11,13..14,16..18,21..22,24..32]    ; Stuck at GND due to stuck port data_in   ;
; VGA_display:dis|block4_x[11,13..14,16..18,21..22,24..32]      ; Stuck at GND due to stuck port data_in   ;
; VGA_display:dis|block4_y[8,11,13..14,16..18,21..22,24..32]    ; Stuck at GND due to stuck port data_in   ;
; VGA_display:dis|y1[0]                                         ; Merged with VGA_display:dis|x[0]         ;
; VGA_display:dis|x2[0]                                         ; Merged with VGA_display:dis|x[0]         ;
; VGA_display:dis|y2[0]                                         ; Merged with VGA_display:dis|x[0]         ;
; VGA_display:dis|ball_centery[0]                               ; Merged with VGA_display:dis|x[0]         ;
; VGA_display:dis|ball_centerx[0]                               ; Merged with VGA_display:dis|x[0]         ;
; VGA_display:dis|x1[0]                                         ; Merged with VGA_display:dis|x[0]         ;
; VGA_display:dis|y[0]                                          ; Merged with VGA_display:dis|x[0]         ;
; VGA_display:dis|block1_x[0..1,3..4]                           ; Merged with VGA_display:dis|block1_x[23] ;
; VGA_display:dis|block1_y[0,3..5,9..10,12,15,19..20,23]        ; Merged with VGA_display:dis|block1_x[23] ;
; VGA_display:dis|block1_x[9..10,12,15,19..20]                  ; Merged with VGA_display:dis|block1_x[23] ;
; VGA_display:dis|block1_x[2,5]                                 ; Merged with VGA_display:dis|block1_x[6]  ;
; VGA_display:dis|block1_y[1..2,6]                              ; Merged with VGA_display:dis|block1_x[6]  ;
; VGA_display:dis|block2_x[0..2,6,9..10,12,15,19..20]           ; Merged with VGA_display:dis|block2_x[23] ;
; VGA_display:dis|block2_y[0,3..5,9..10,12,15,19..20,23]        ; Merged with VGA_display:dis|block2_x[23] ;
; VGA_display:dis|block2_x[7]                                   ; Merged with VGA_display:dis|block2_x[8]  ;
; VGA_display:dis|block2_x[3..4]                                ; Merged with VGA_display:dis|block2_x[5]  ;
; VGA_display:dis|block2_y[1..2,6]                              ; Merged with VGA_display:dis|block2_x[5]  ;
; VGA_display:dis|block3_x[0..1,3..4,9..10,12,15,19..20]        ; Merged with VGA_display:dis|block3_x[23] ;
; VGA_display:dis|block3_y[0,2,4,6,9..10,12,15,19..20,23]       ; Merged with VGA_display:dis|block3_x[23] ;
; VGA_display:dis|block3_x[2,5]                                 ; Merged with VGA_display:dis|block3_x[6]  ;
; VGA_display:dis|block3_y[1,3,5]                               ; Merged with VGA_display:dis|block3_x[6]  ;
; VGA_display:dis|block4_x[0..2,6,9..10,12,15,19..20]           ; Merged with VGA_display:dis|block4_x[23] ;
; VGA_display:dis|block4_y[0,2,4,6,9..10,12,15,19..20,23]       ; Merged with VGA_display:dis|block4_x[23] ;
; VGA_display:dis|block4_x[7]                                   ; Merged with VGA_display:dis|block4_x[8]  ;
; VGA_display:dis|block4_y[7]                                   ; Merged with VGA_display:dis|block4_x[8]  ;
; VGA_display:dis|block4_x[3..4]                                ; Merged with VGA_display:dis|block4_x[5]  ;
; VGA_display:dis|block4_y[1,3,5]                               ; Merged with VGA_display:dis|block4_x[5]  ;
; VGA_display:dis|block4_x[5]                                   ; Stuck at VCC due to stuck port data_in   ;
; VGA_display:dis|block3_x[6]                                   ; Stuck at VCC due to stuck port data_in   ;
; VGA_display:dis|block2_x[5]                                   ; Stuck at VCC due to stuck port data_in   ;
; VGA_display:dis|block1_x[6]                                   ; Stuck at VCC due to stuck port data_in   ;
; Total Number of Removed Registers = 264                       ;                                          ;
+---------------------------------------------------------------+------------------------------------------+


+------------------------------------------------------+
; General Register Statistics                          ;
+----------------------------------------------+-------+
; Statistic                                    ; Value ;
+----------------------------------------------+-------+
; Total registers                              ; 237   ;
; Number of registers using Synchronous Clear  ; 34    ;
; Number of registers using Synchronous Load   ; 0     ;
; Number of registers using Asynchronous Clear ; 192   ;
; Number of registers using Asynchronous Load  ; 0     ;
; Number of registers using Clock Enable       ; 64    ;
; Number of registers using Preset             ; 0     ;
+----------------------------------------------+-------+


+---------------------------------------------------+
; Inverted Register Statistics                      ;
+-----------------------------------------+---------+
; Inverted Register                       ; Fan out ;
+-----------------------------------------+---------+
; VGA_display:dis|x[5]                    ; 4       ;
; VGA_display:dis|x[4]                    ; 4       ;
; VGA_display:dis|y[5]                    ; 5       ;
; VGA_display:dis|y[4]                    ; 5       ;
; VGA_display:dis|y[1]                    ; 5       ;
; VGA_display:dis|x[1]                    ; 4       ;
; VGA_display:dis|board_cx[7]             ; 5       ;
; VGA_display:dis|board_cx[6]             ; 4       ;
; VGA_display:dis|board_cx[5]             ; 4       ;
; VGA_display:dis|board_cx[4]             ; 4       ;
; VGA_display:dis|board_cx[3]             ; 4       ;
; VGA_display:dis|board_cx[1]             ; 5       ;
; VGA_display:dis|y2[6]                   ; 19      ;
; VGA_display:dis|y2[7]                   ; 15      ;
; VGA_display:dis|y2[8]                   ; 13      ;
; VGA_display:dis|x_board[8]              ; 5       ;
; VGA_display:dis|x_board[6]              ; 5       ;
; VGA_display:dis|y2[1]                   ; 11      ;
; VGA_display:dis|x2[6]                   ; 19      ;
; VGA_display:dis|x2[3]                   ; 15      ;
; VGA_display:dis|x2[4]                   ; 15      ;
; VGA_display:dis|x2[9]                   ; 15      ;
; VGA_display:dis|ball_centerx[1]         ; 3       ;
; VGA_display:dis|ball_centerx[3]         ; 3       ;
; VGA_display:dis|ball_centery[1]         ; 3       ;
; VGA_display:dis|ball_centery[3]         ; 3       ;
; VGA_display:dis|x1[1]                   ; 4       ;
; VGA_display:dis|x1[4]                   ; 4       ;
; VGA_display:dis|x1[5]                   ; 4       ;
; VGA_display:dis|y1[1]                   ; 4       ;
; VGA_display:dis|y1[4]                   ; 4       ;
; VGA_display:dis|y1[5]                   ; 4       ;
; VGA_sm:sm|Hs                            ; 2       ;
; VGA_sm:sm|Vs                            ; 2       ;
; VGA_display:dis|block4_x[8]             ; 22      ;
; VGA_display:dis|block3_y[7]             ; 7       ;
; VGA_display:dis|block2_x[8]             ; 10      ;
; VGA_display:dis|x_dir                   ; 12      ;
; VGA_display:dis|y_dir                   ; 12      ;
; VGA_display:dis|y_dir2                  ; 16      ;
; VGA_display:dis|x_dir2                  ; 14      ;
; VGA_display:dis|ball_xdir               ; 13      ;
; VGA_display:dis|ball_ydir               ; 14      ;
; VGA_display:dis|x_dir1                  ; 12      ;
; VGA_display:dis|y_dir1                  ; 12      ;
; Total number of inverted registers = 45 ;         ;
+-----------------------------------------+---------+


+--------------------------------------------------------------------------------------------------------------------------------------------------+
; Multiplexer Restructuring Statistics (Restructuring Performed)                                                                                   ;
+--------------------+-----------+---------------+----------------------+------------------------+------------+------------------------------------+
; Multiplexer Inputs ; Bus Width ; Baseline Area ; Area if Restructured ; Saving if Restructured ; Registered ; Example Multiplexer Output         ;
+--------------------+-----------+---------------+----------------------+------------------------+------------+------------------------------------+
; 3:1                ; 3 bits    ; 6 LEs         ; 3 LEs                ; 3 LEs                  ; Yes        ; |vga_d|VGA_display:dis|n[0]        ;
; 3:1                ; 32 bits   ; 64 LEs        ; 32 LEs               ; 32 LEs                 ; Yes        ; |vga_d|i[15]                       ;
; 4:1                ; 8 bits    ; 16 LEs        ; 0 LEs                ; 16 LEs                 ; Yes        ; |vga_d|VGA_display:dis|x_board[0]  ;
; 4:1                ; 4 bits    ; 8 LEs         ; 0 LEs                ; 8 LEs                  ; Yes        ; |vga_d|VGA_display:dis|board_cx[9] ;
; 4:1                ; 2 bits    ; 4 LEs         ; 0 LEs                ; 4 LEs                  ; Yes        ; |vga_d|VGA_display:dis|x_board[8]  ;
; 4:1                ; 6 bits    ; 12 LEs        ; 0 LEs                ; 12 LEs                 ; Yes        ; |vga_d|VGA_display:dis|board_cx[3] ;
; 5:1                ; 2 bits    ; 6 LEs         ; 0 LEs                ; 6 LEs                  ; Yes        ; |vga_d|VGA_display:dis|block4_x[5] ;
; 5:1                ; 2 bits    ; 6 LEs         ; 0 LEs                ; 6 LEs                  ; Yes        ; |vga_d|VGA_display:dis|block2_x[8] ;
; 5:1                ; 2 bits    ; 6 LEs         ; 0 LEs                ; 6 LEs                  ; Yes        ; |vga_d|VGA_display:dis|block3_y[7] ;
; 3:1                ; 2 bits    ; 4 LEs         ; 4 LEs                ; 0 LEs                  ; No         ; |vga_d|VGA_display:dis|RGB0[3]     ;
; 3:1                ; 2 bits    ; 4 LEs         ; 4 LEs                ; 0 LEs                  ; No         ; |vga_d|VGA_display:dis|RGB1        ;
; 6:1                ; 8 bits    ; 32 LEs        ; 32 LEs               ; 0 LEs                  ; No         ; |vga_d|VGA_display:dis|RGB1[0]     ;
; 8:1                ; 2 bits    ; 10 LEs        ; 8 LEs                ; 2 LEs                  ; No         ; |vga_d|VGA_display:dis|Mux4        ;
; 8:1                ; 2 bits    ; 10 LEs        ; 10 LEs               ; 0 LEs                  ; No         ; |vga_d|VGA_display:dis|Mux2        ;
; 10:1               ; 2 bits    ; 12 LEs        ; 12 LEs               ; 0 LEs                  ; No         ; |vga_d|VGA_display:dis|Mux7        ;
+--------------------+-----------+---------------+----------------------+------------------------+------------+------------------------------------+


+--------------------------------------------------------------+
; Parameter Settings for User Entity Instance: VGA_display:dis ;
+-------------------+-------+----------------------------------+
; Parameter Name    ; Value ; Type                             ;
+-------------------+-------+----------------------------------+
; x_left            ; 0     ; Signed Integer                   ;
; x_right           ; 500   ; Signed Integer                   ;
; y_up              ; 0     ; Signed Integer                   ;
; y_down1           ; 150   ; Signed Integer                   ;
; y_down2           ; 480   ; Signed Integer                   ;
; x_line1           ; 51    ; Signed Integer                   ;
; x_line2           ; 101   ; Signed Integer                   ;
; x_line3           ; 151   ; Signed Integer                   ;
; x_line4           ; 201   ; Signed Integer                   ;
; x_line5           ; 251   ; Signed Integer                   ;
; x_line6           ; 301   ; Signed Integer                   ;
; x_line7           ; 351   ; Signed Integer                   ;
; x_line8           ; 401   ; Signed Integer                   ;
; x_line9           ; 451   ; Signed Integer                   ;
; y_line1           ; 26    ; Signed Integer                   ;
; y_line2           ; 51    ; Signed Integer                   ;
; y_line3           ; 76    ; Signed Integer                   ;
; y_line4           ; 101   ; Signed Integer                   ;
; y_line5           ; 126   ; Signed Integer                   ;
; ball_r            ; 10    ; Signed Integer                   ;
; speed             ; 1     ; Signed Integer                   ;
; flag_up           ; 0     ; Signed Integer                   ;
; flag_down         ; 1     ; Signed Integer                   ;
; flag_left         ; 0     ; Signed Integer                   ;
; flag_right        ; 1     ; Signed Integer                   ;
; board_centerx     ; 250   ; Signed Integer                   ;
; half_board_width  ; 55    ; Signed Integer                   ;
; board_width       ; 110   ; Signed Integer                   ;
; board_centery     ; 470   ; Signed Integer                   ;
; half_board_height ; 10    ; Signed Integer                   ;
; board_height      ; 20    ; Signed Integer                   ;
; board_speed       ; 1     ; Signed Integer                   ;
; y_board1          ; 479   ; Signed Integer                   ;
; y_board2          ; 459   ; Signed Integer                   ;
+-------------------+-------+----------------------------------+
Note: In order to hide this table in the UI and the text report file, please set the "Show Parameter Settings Tables in Synthesis Report" option in "Analysis and Synthesis Settings -> More Settings" to "Off".


+------------------------------------------------------------------------------------+
; Parameter Settings for Inferred Entity Instance: VGA_display:dis|lpm_mult:Mult0    ;
+------------------------------------------------+-------------+---------------------+
; Parameter Name                                 ; Value       ; Type                ;
+------------------------------------------------+-------------+---------------------+
; AUTO_CARRY_CHAINS                              ; ON          ; AUTO_CARRY          ;
; IGNORE_CARRY_BUFFERS                           ; OFF         ; IGNORE_CARRY        ;
; AUTO_CASCADE_CHAINS                            ; ON          ; AUTO_CASCADE        ;
; IGNORE_CASCADE_BUFFERS                         ; OFF         ; IGNORE_CASCADE      ;
; LPM_WIDTHA                                     ; 11          ; Untyped             ;
; LPM_WIDTHB                                     ; 11          ; Untyped             ;
; LPM_WIDTHP                                     ; 22          ; Untyped             ;
; LPM_WIDTHR                                     ; 22          ; Untyped             ;
; LPM_WIDTHS                                     ; 1           ; Untyped             ;
; LPM_REPRESENTATION                             ; SIGNED      ; Untyped             ;
; LPM_PIPELINE                                   ; 0           ; Untyped             ;
; LATENCY                                        ; 0           ; Untyped             ;
; INPUT_A_IS_CONSTANT                            ; NO          ; Untyped             ;
; INPUT_B_IS_CONSTANT                            ; NO          ; Untyped             ;
; USE_EAB                                        ; OFF         ; Untyped             ;
; MAXIMIZE_SPEED                                 ; 6           ; Untyped             ;
; DEVICE_FAMILY                                  ; Cyclone III ; Untyped             ;
; CARRY_CHAIN                                    ; MANUAL      ; Untyped             ;
; APEX20K_TECHNOLOGY_MAPPER                      ; LUT         ; TECH_MAPPER_APEX20K ;
; DEDICATED_MULTIPLIER_CIRCUITRY                 ; AUTO        ; Untyped             ;
; DEDICATED_MULTIPLIER_MIN_INPUT_WIDTH_FOR_AUTO  ; 0           ; Untyped             ;
; DEDICATED_MULTIPLIER_MIN_OUTPUT_WIDTH_FOR_AUTO ; 0           ; Untyped             ;
; CBXI_PARAMETER                                 ; mult_g4t    ; Untyped             ;
; INPUT_A_FIXED_VALUE                            ; Bx          ; Untyped             ;
; INPUT_B_FIXED_VALUE                            ; Bx          ; Untyped             ;
; USE_AHDL_IMPLEMENTATION                        ; OFF         ; Untyped             ;
+------------------------------------------------+-------------+---------------------+
Note: In order to hide this table in the UI and the text report file, please set the "Show Parameter Settings Tables in Synthesis Report" option in "Analysis and Synthesis Settings -> More Settings" to "Off".


+------------------------------------------------------------------------------------+
; Parameter Settings for Inferred Entity Instance: VGA_display:dis|lpm_mult:Mult1    ;
+------------------------------------------------+-------------+---------------------+
; Parameter Name                                 ; Value       ; Type                ;
+------------------------------------------------+-------------+---------------------+
; AUTO_CARRY_CHAINS                              ; ON          ; AUTO_CARRY          ;
; IGNORE_CARRY_BUFFERS                           ; OFF         ; IGNORE_CARRY        ;
; AUTO_CASCADE_CHAINS                            ; ON          ; AUTO_CASCADE        ;
; IGNORE_CASCADE_BUFFERS                         ; OFF         ; IGNORE_CASCADE      ;
; LPM_WIDTHA                                     ; 11          ; Untyped             ;
; LPM_WIDTHB                                     ; 11          ; Untyped             ;
; LPM_WIDTHP                                     ; 22          ; Untyped             ;
; LPM_WIDTHR                                     ; 22          ; Untyped             ;
; LPM_WIDTHS                                     ; 1           ; Untyped             ;
; LPM_REPRESENTATION                             ; SIGNED      ; Untyped             ;
; LPM_PIPELINE                                   ; 0           ; Untyped             ;
; LATENCY                                        ; 0           ; Untyped             ;
; INPUT_A_IS_CONSTANT                            ; NO          ; Untyped             ;
; INPUT_B_IS_CONSTANT                            ; NO          ; Untyped             ;
; USE_EAB                                        ; OFF         ; Untyped             ;
; MAXIMIZE_SPEED                                 ; 6           ; Untyped             ;
; DEVICE_FAMILY                                  ; Cyclone III ; Untyped             ;
; CARRY_CHAIN                                    ; MANUAL      ; Untyped             ;
; APEX20K_TECHNOLOGY_MAPPER                      ; LUT         ; TECH_MAPPER_APEX20K ;
; DEDICATED_MULTIPLIER_CIRCUITRY                 ; AUTO        ; Untyped             ;
; DEDICATED_MULTIPLIER_MIN_INPUT_WIDTH_FOR_AUTO  ; 0           ; Untyped             ;
; DEDICATED_MULTIPLIER_MIN_OUTPUT_WIDTH_FOR_AUTO ; 0           ; Untyped             ;
; CBXI_PARAMETER                                 ; mult_g4t    ; Untyped             ;
; INPUT_A_FIXED_VALUE                            ; Bx          ; Untyped             ;
; INPUT_B_FIXED_VALUE                            ; Bx          ; Untyped             ;
; USE_AHDL_IMPLEMENTATION                        ; OFF         ; Untyped             ;
+------------------------------------------------+-------------+---------------------+
Note: In order to hide this table in the UI and the text report file, please set the "Show Parameter Settings Tables in Synthesis Report" option in "Analysis and Synthesis Settings -> More Settings" to "Off".


+------------------------------------------------------------------------------------+
; Parameter Settings for Inferred Entity Instance: VGA_display:dis|lpm_mult:Mult2    ;
+------------------------------------------------+-------------+---------------------+
; Parameter Name                                 ; Value       ; Type                ;
+------------------------------------------------+-------------+---------------------+
; AUTO_CARRY_CHAINS                              ; ON          ; AUTO_CARRY          ;
; IGNORE_CARRY_BUFFERS                           ; OFF         ; IGNORE_CARRY        ;
; AUTO_CASCADE_CHAINS                            ; ON          ; AUTO_CASCADE        ;
; IGNORE_CASCADE_BUFFERS                         ; OFF         ; IGNORE_CASCADE      ;
; LPM_WIDTHA                                     ; 11          ; Untyped             ;
; LPM_WIDTHB                                     ; 11          ; Untyped             ;
; LPM_WIDTHP                                     ; 22          ; Untyped             ;
; LPM_WIDTHR                                     ; 22          ; Untyped             ;
; LPM_WIDTHS                                     ; 1           ; Untyped             ;
; LPM_REPRESENTATION                             ; SIGNED      ; Untyped             ;
; LPM_PIPELINE                                   ; 0           ; Untyped             ;
; LATENCY                                        ; 0           ; Untyped             ;
; INPUT_A_IS_CONSTANT                            ; NO          ; Untyped             ;
; INPUT_B_IS_CONSTANT                            ; NO          ; Untyped             ;
; USE_EAB                                        ; OFF         ; Untyped             ;
; MAXIMIZE_SPEED                                 ; 6           ; Untyped             ;
; DEVICE_FAMILY                                  ; Cyclone III ; Untyped             ;
; CARRY_CHAIN                                    ; MANUAL      ; Untyped             ;
; APEX20K_TECHNOLOGY_MAPPER                      ; LUT         ; TECH_MAPPER_APEX20K ;
; DEDICATED_MULTIPLIER_CIRCUITRY                 ; AUTO        ; Untyped             ;
; DEDICATED_MULTIPLIER_MIN_INPUT_WIDTH_FOR_AUTO  ; 0           ; Untyped             ;
; DEDICATED_MULTIPLIER_MIN_OUTPUT_WIDTH_FOR_AUTO ; 0           ; Untyped             ;
; CBXI_PARAMETER                                 ; mult_g4t    ; Untyped             ;
; INPUT_A_FIXED_VALUE                            ; Bx          ; Untyped             ;
; INPUT_B_FIXED_VALUE                            ; Bx          ; Untyped             ;
; USE_AHDL_IMPLEMENTATION                        ; OFF         ; Untyped             ;
+------------------------------------------------+-------------+---------------------+
Note: In order to hide this table in the UI and the text report file, please set the "Show Parameter Settings Tables in Synthesis Report" option in "Analysis and Synthesis Settings -> More Settings" to "Off".


+------------------------------------------------------------------------------------+
; Parameter Settings for Inferred Entity Instance: VGA_display:dis|lpm_mult:Mult3    ;
+------------------------------------------------+-------------+---------------------+
; Parameter Name                                 ; Value       ; Type                ;
+------------------------------------------------+-------------+---------------------+
; AUTO_CARRY_CHAINS                              ; ON          ; AUTO_CARRY          ;
; IGNORE_CARRY_BUFFERS                           ; OFF         ; IGNORE_CARRY        ;
; AUTO_CASCADE_CHAINS                            ; ON          ; AUTO_CASCADE        ;
; IGNORE_CASCADE_BUFFERS                         ; OFF         ; IGNORE_CASCADE      ;
; LPM_WIDTHA                                     ; 11          ; Untyped             ;
; LPM_WIDTHB                                     ; 11          ; Untyped             ;
; LPM_WIDTHP                                     ; 22          ; Untyped             ;
; LPM_WIDTHR                                     ; 22          ; Untyped             ;
; LPM_WIDTHS                                     ; 1           ; Untyped             ;
; LPM_REPRESENTATION                             ; SIGNED      ; Untyped             ;
; LPM_PIPELINE                                   ; 0           ; Untyped             ;
; LATENCY                                        ; 0           ; Untyped             ;
; INPUT_A_IS_CONSTANT                            ; NO          ; Untyped             ;
; INPUT_B_IS_CONSTANT                            ; NO          ; Untyped             ;
; USE_EAB                                        ; OFF         ; Untyped             ;
; MAXIMIZE_SPEED                                 ; 6           ; Untyped             ;
; DEVICE_FAMILY                                  ; Cyclone III ; Untyped             ;
; CARRY_CHAIN                                    ; MANUAL      ; Untyped             ;
; APEX20K_TECHNOLOGY_MAPPER                      ; LUT         ; TECH_MAPPER_APEX20K ;
; DEDICATED_MULTIPLIER_CIRCUITRY                 ; AUTO        ; Untyped             ;
; DEDICATED_MULTIPLIER_MIN_INPUT_WIDTH_FOR_AUTO  ; 0           ; Untyped             ;
; DEDICATED_MULTIPLIER_MIN_OUTPUT_WIDTH_FOR_AUTO ; 0           ; Untyped             ;
; CBXI_PARAMETER                                 ; mult_g4t    ; Untyped             ;
; INPUT_A_FIXED_VALUE                            ; Bx          ; Untyped             ;
; INPUT_B_FIXED_VALUE                            ; Bx          ; Untyped             ;
; USE_AHDL_IMPLEMENTATION                        ; OFF         ; Untyped             ;
+------------------------------------------------+-------------+---------------------+
Note: In order to hide this table in the UI and the text report file, please set the "Show Parameter Settings Tables in Synthesis Report" option in "Analysis and Synthesis Settings -> More Settings" to "Off".


+------------------------------------------------------------------------------------+
; Parameter Settings for Inferred Entity Instance: VGA_display:dis|lpm_mult:Mult4    ;
+------------------------------------------------+-------------+---------------------+
; Parameter Name                                 ; Value       ; Type                ;
+------------------------------------------------+-------------+---------------------+
; AUTO_CARRY_CHAINS                              ; ON          ; AUTO_CARRY          ;
; IGNORE_CARRY_BUFFERS                           ; OFF         ; IGNORE_CARRY        ;
; AUTO_CASCADE_CHAINS                            ; ON          ; AUTO_CASCADE        ;
; IGNORE_CASCADE_BUFFERS                         ; OFF         ; IGNORE_CASCADE      ;
; LPM_WIDTHA                                     ; 11          ; Untyped             ;
; LPM_WIDTHB                                     ; 11          ; Untyped             ;
; LPM_WIDTHP                                     ; 22          ; Untyped             ;
; LPM_WIDTHR                                     ; 22          ; Untyped             ;
; LPM_WIDTHS                                     ; 1           ; Untyped             ;
; LPM_REPRESENTATION                             ; SIGNED      ; Untyped             ;
; LPM_PIPELINE                                   ; 0           ; Untyped             ;
; LATENCY                                        ; 0           ; Untyped             ;
; INPUT_A_IS_CONSTANT                            ; NO          ; Untyped             ;
; INPUT_B_IS_CONSTANT                            ; NO          ; Untyped             ;
; USE_EAB                                        ; OFF         ; Untyped             ;
; MAXIMIZE_SPEED                                 ; 6           ; Untyped             ;
; DEVICE_FAMILY                                  ; Cyclone III ; Untyped             ;
; CARRY_CHAIN                                    ; MANUAL      ; Untyped             ;
; APEX20K_TECHNOLOGY_MAPPER                      ; LUT         ; TECH_MAPPER_APEX20K ;
; DEDICATED_MULTIPLIER_CIRCUITRY                 ; AUTO        ; Untyped             ;
; DEDICATED_MULTIPLIER_MIN_INPUT_WIDTH_FOR_AUTO  ; 0           ; Untyped             ;
; DEDICATED_MULTIPLIER_MIN_OUTPUT_WIDTH_FOR_AUTO ; 0           ; Untyped             ;
; CBXI_PARAMETER                                 ; mult_g4t    ; Untyped             ;
; INPUT_A_FIXED_VALUE                            ; Bx          ; Untyped             ;
; INPUT_B_FIXED_VALUE                            ; Bx          ; Untyped             ;
; USE_AHDL_IMPLEMENTATION                        ; OFF         ; Untyped             ;
+------------------------------------------------+-------------+---------------------+
Note: In order to hide this table in the UI and the text report file, please set the "Show Parameter Settings Tables in Synthesis Report" option in "Analysis and Synthesis Settings -> More Settings" to "Off".


+------------------------------------------------------------------------------------+
; Parameter Settings for Inferred Entity Instance: VGA_display:dis|lpm_mult:Mult5    ;
+------------------------------------------------+-------------+---------------------+
; Parameter Name                                 ; Value       ; Type                ;
+------------------------------------------------+-------------+---------------------+
; AUTO_CARRY_CHAINS                              ; ON          ; AUTO_CARRY          ;
; IGNORE_CARRY_BUFFERS                           ; OFF         ; IGNORE_CARRY        ;
; AUTO_CASCADE_CHAINS                            ; ON          ; AUTO_CASCADE        ;
; IGNORE_CASCADE_BUFFERS                         ; OFF         ; IGNORE_CASCADE      ;
; LPM_WIDTHA                                     ; 11          ; Untyped             ;
; LPM_WIDTHB                                     ; 11          ; Untyped             ;
; LPM_WIDTHP                                     ; 22          ; Untyped             ;
; LPM_WIDTHR                                     ; 22          ; Untyped             ;
; LPM_WIDTHS                                     ; 1           ; Untyped             ;
; LPM_REPRESENTATION                             ; SIGNED      ; Untyped             ;
; LPM_PIPELINE                                   ; 0           ; Untyped             ;
; LATENCY                                        ; 0           ; Untyped             ;
; INPUT_A_IS_CONSTANT                            ; NO          ; Untyped             ;
; INPUT_B_IS_CONSTANT                            ; NO          ; Untyped             ;
; USE_EAB                                        ; OFF         ; Untyped             ;
; MAXIMIZE_SPEED                                 ; 6           ; Untyped             ;
; DEVICE_FAMILY                                  ; Cyclone III ; Untyped             ;
; CARRY_CHAIN                                    ; MANUAL      ; Untyped             ;
; APEX20K_TECHNOLOGY_MAPPER                      ; LUT         ; TECH_MAPPER_APEX20K ;
; DEDICATED_MULTIPLIER_CIRCUITRY                 ; AUTO        ; Untyped             ;
; DEDICATED_MULTIPLIER_MIN_INPUT_WIDTH_FOR_AUTO  ; 0           ; Untyped             ;
; DEDICATED_MULTIPLIER_MIN_OUTPUT_WIDTH_FOR_AUTO ; 0           ; Untyped             ;
; CBXI_PARAMETER                                 ; mult_g4t    ; Untyped             ;
; INPUT_A_FIXED_VALUE                            ; Bx          ; Untyped             ;
; INPUT_B_FIXED_VALUE                            ; Bx          ; Untyped             ;
; USE_AHDL_IMPLEMENTATION                        ; OFF         ; Untyped             ;
+------------------------------------------------+-------------+---------------------+
Note: In order to hide this table in the UI and the text report file, please set the "Show Parameter Settings Tables in Synthesis Report" option in "Analysis and Synthesis Settings -> More Settings" to "Off".


+------------------------------------------------------------------------+
; lpm_mult Parameter Settings by Entity Instance                         ;
+---------------------------------------+--------------------------------+
; Name                                  ; Value                          ;
+---------------------------------------+--------------------------------+
; Number of entity instances            ; 6                              ;
; Entity Instance                       ; VGA_display:dis|lpm_mult:Mult0 ;
;     -- LPM_WIDTHA                     ; 11                             ;
;     -- LPM_WIDTHB                     ; 11                             ;
;     -- LPM_WIDTHP                     ; 22                             ;
;     -- LPM_REPRESENTATION             ; SIGNED                         ;
;     -- INPUT_A_IS_CONSTANT            ; NO                             ;
;     -- INPUT_B_IS_CONSTANT            ; NO                             ;
;     -- USE_EAB                        ; OFF                            ;
;     -- DEDICATED_MULTIPLIER_CIRCUITRY ; AUTO                           ;
;     -- INPUT_A_FIXED_VALUE            ; Bx                             ;
;     -- INPUT_B_FIXED_VALUE            ; Bx                             ;
; Entity Instance                       ; VGA_display:dis|lpm_mult:Mult1 ;
;     -- LPM_WIDTHA                     ; 11                             ;
;     -- LPM_WIDTHB                     ; 11                             ;
;     -- LPM_WIDTHP                     ; 22                             ;
;     -- LPM_REPRESENTATION             ; SIGNED                         ;
;     -- INPUT_A_IS_CONSTANT            ; NO                             ;
;     -- INPUT_B_IS_CONSTANT            ; NO                             ;
;     -- USE_EAB                        ; OFF                            ;
;     -- DEDICATED_MULTIPLIER_CIRCUITRY ; AUTO                           ;
;     -- INPUT_A_FIXED_VALUE            ; Bx                             ;
;     -- INPUT_B_FIXED_VALUE            ; Bx                             ;
; Entity Instance                       ; VGA_display:dis|lpm_mult:Mult2 ;
;     -- LPM_WIDTHA                     ; 11                             ;
;     -- LPM_WIDTHB                     ; 11                             ;
;     -- LPM_WIDTHP                     ; 22                             ;
;     -- LPM_REPRESENTATION             ; SIGNED                         ;
;     -- INPUT_A_IS_CONSTANT            ; NO                             ;
;     -- INPUT_B_IS_CONSTANT            ; NO                             ;
;     -- USE_EAB                        ; OFF                            ;
;     -- DEDICATED_MULTIPLIER_CIRCUITRY ; AUTO                           ;
;     -- INPUT_A_FIXED_VALUE            ; Bx                             ;
;     -- INPUT_B_FIXED_VALUE            ; Bx                             ;
; Entity Instance                       ; VGA_display:dis|lpm_mult:Mult3 ;
;     -- LPM_WIDTHA                     ; 11                             ;
;     -- LPM_WIDTHB                     ; 11                             ;
;     -- LPM_WIDTHP                     ; 22                             ;
;     -- LPM_REPRESENTATION             ; SIGNED                         ;
;     -- INPUT_A_IS_CONSTANT            ; NO                             ;
;     -- INPUT_B_IS_CONSTANT            ; NO                             ;
;     -- USE_EAB                        ; OFF                            ;
;     -- DEDICATED_MULTIPLIER_CIRCUITRY ; AUTO                           ;
;     -- INPUT_A_FIXED_VALUE            ; Bx                             ;
;     -- INPUT_B_FIXED_VALUE            ; Bx                             ;
; Entity Instance                       ; VGA_display:dis|lpm_mult:Mult4 ;
;     -- LPM_WIDTHA                     ; 11                             ;
;     -- LPM_WIDTHB                     ; 11                             ;
;     -- LPM_WIDTHP                     ; 22                             ;
;     -- LPM_REPRESENTATION             ; SIGNED                         ;
;     -- INPUT_A_IS_CONSTANT            ; NO                             ;
;     -- INPUT_B_IS_CONSTANT            ; NO                             ;
;     -- USE_EAB                        ; OFF                            ;
;     -- DEDICATED_MULTIPLIER_CIRCUITRY ; AUTO                           ;
;     -- INPUT_A_FIXED_VALUE            ; Bx                             ;
;     -- INPUT_B_FIXED_VALUE            ; Bx                             ;
; Entity Instance                       ; VGA_display:dis|lpm_mult:Mult5 ;
;     -- LPM_WIDTHA                     ; 11                             ;
;     -- LPM_WIDTHB                     ; 11                             ;
;     -- LPM_WIDTHP                     ; 22                             ;
;     -- LPM_REPRESENTATION             ; SIGNED                         ;
;     -- INPUT_A_IS_CONSTANT            ; NO                             ;
;     -- INPUT_B_IS_CONSTANT            ; NO                             ;
;     -- USE_EAB                        ; OFF                            ;
;     -- DEDICATED_MULTIPLIER_CIRCUITRY ; AUTO                           ;
;     -- INPUT_A_FIXED_VALUE            ; Bx                             ;
;     -- INPUT_B_FIXED_VALUE            ; Bx                             ;
+---------------------------------------+--------------------------------+


+-------------------------------+
; Analysis & Synthesis Messages ;
+-------------------------------+
Info: *******************************************************************
Info: Running Quartus II Analysis & Synthesis
    Info: Version 9.1 Build 222 10/21/2009 SJ Full Version
    Info: Processing started: Mon Mar 10 10:58:04 2014
Info: Command: quartus_map --read_settings_files=on --write_settings_files=off vga_d -c vga_d
Info: Parallel compilation is enabled and will use 2 of the 2 processors detected
Info: Found 1 design units, including 1 entities, in source file ps2_top.v
    Info: Found entity 1: ps2_top
Info: Found 1 design units, including 1 entities, in source file vga_d.v
    Info: Found entity 1: vga_d
Info: Found 1 design units, including 1 entities, in source file vga_display.v
    Info: Found entity 1: VGA_display
Info: Found 1 design units, including 1 entities, in source file vga_sm.v
    Info: Found entity 1: VGA_sm
Critical Warning (10846): Verilog HDL Instantiation warning at vga_d.v(41): instance has no name
Info: Elaborating entity "vga_d" for the top level hierarchy
Info: Elaborating entity "ps2_top" for hierarchy "ps2_top:comb_154"
Warning (10036): Verilog HDL or VHDL warning at ps2_top.v(16): object "wei" assigned a value but never read
Warning (10036): Verilog HDL or VHDL warning at ps2_top.v(17): object "seg" assigned a value but never read
Warning (10036): Verilog HDL or VHDL warning at ps2_top.v(18): object "led" assigned a value but never read
Warning (10762): Verilog HDL Case Statement warning at ps2_top.v(218): can't check case statement for completeness because the case expression has too many possible states
Warning (10762): Verilog HDL Case Statement warning at ps2_top.v(242): can't check case statement for completeness because the case expression has too many possible states
Info: Elaborating entity "VGA_sm" for hierarchy "VGA_sm:sm"
Warning (10230): Verilog HDL assignment warning at VGA_sm.v(48): truncated value with size 32 to match size of target (10)
Warning (10230): Verilog HDL assignment warning at VGA_sm.v(49): truncated value with size 32 to match size of target (10)
Info: Elaborating entity "VGA_display" for hierarchy "VGA_display:dis"
Warning (10230): Verilog HDL assignment warning at VGA_display.v(41): truncated value with size 32 to match size of target (3)
Warning (10235): Verilog HDL Always Construct warning at VGA_display.v(57): variable "RGB5" is read inside the Always Construct but isn't in the Always Construct's Event Control
Warning (10270): Verilog HDL Case Statement warning at VGA_display.v(50): incomplete case statement has no default case item
Warning (10240): Verilog HDL Always Construct warning at VGA_display.v(45): inferring latch(es) for variable "RGB", which holds its previous value in one or more paths through the always construct
Warning (10230): Verilog HDL assignment warning at VGA_display.v(151): truncated value with size 32 to match size of target (10)
Warning (10230): Verilog HDL assignment warning at VGA_display.v(153): truncated value with size 32 to match size of target (10)
Warning (10230): Verilog HDL assignment warning at VGA_display.v(161): truncated value with size 32 to match size of target (10)
Warning (10230): Verilog HDL assignment warning at VGA_display.v(163): truncated value with size 32 to match size of target (10)
Warning (10230): Verilog HDL assignment warning at VGA_display.v(204): truncated value with size 32 to match size of target (10)
Warning (10230): Verilog HDL assignment warning at VGA_display.v(206): truncated value with size 32 to match size of target (10)
Warning (10230): Verilog HDL assignment warning at VGA_display.v(213): truncated value with size 32 to match size of target (10)
Warning (10230): Verilog HDL assignment warning at VGA_display.v(215): truncated value with size 32 to match size of target (10)
Warning (10230): Verilog HDL assignment warning at VGA_display.v(250): truncated value with size 32 to match size of target (1)
Warning (10230): Verilog HDL assignment warning at VGA_display.v(252): truncated value with size 32 to match size of target (1)
Warning (10230): Verilog HDL assignment warning at VGA_display.v(254): truncated value with size 32 to match size of target (1)
Warning (10230): Verilog HDL assignment warning at VGA_display.v(262): truncated value with size 32 to match size of target (1)
Warning (10230): Verilog HDL assignment warning at VGA_display.v(264): truncated value with size 32 to match size of target (1)
Warning (10230): Verilog HDL assignment warning at VGA_display.v(266): truncated value with size 32 to match size of target (1)
Warning (10230): Verilog HDL assignment warning at VGA_display.v(275): truncated value with size 32 to match size of target (10)
Warning (10230): Verilog HDL assignment warning at VGA_display.v(277): truncated value with size 32 to match size of target (10)
Warning (10230): Verilog HDL assignment warning at VGA_display.v(279): truncated value with size 32 to match size of target (10)
Warning (10230): Verilog HDL assignment warning at VGA_display.v(285): truncated value with size 32 to match size of target (10)
Warning (10230): Verilog HDL assignment warning at VGA_display.v(287): truncated value with size 32 to match size of target (10)
Warning (10230): Verilog HDL assignment warning at VGA_display.v(289): truncated value with size 32 to match size of target (10)
Warning (10230): Verilog HDL assignment warning at VGA_display.v(302): truncated value with size 32 to match size of target (10)
Warning (10230): Verilog HDL assignment warning at VGA_display.v(303): truncated value with size 32 to match size of target (10)
Warning (10230): Verilog HDL assignment warning at VGA_display.v(316): truncated value with size 32 to match size of target (10)
Warning (10230): Verilog HDL assignment warning at VGA_display.v(323): truncated value with size 32 to match size of target (10)
Warning (10240): Verilog HDL Always Construct warning at VGA_display.v(298): inferring latch(es) for variable "board_cy", which holds its previous value in one or more paths through the always construct
Warning (10230): Verilog HDL assignment warning at VGA_display.v(383): truncated value with size 32 to match size of target (10)
Warning (10230): Verilog HDL assignment warning at VGA_display.v(391): truncated value with size 32 to match size of target (10)
Warning (10230): Verilog HDL assignment warning at VGA_display.v(633): truncated value with size 32 to match size of target (10)
Warning (10230): Verilog HDL assignment warning at VGA_display.v(635): truncated value with size 32 to match size of target (10)
Warning (10230): Verilog HDL assignment warning at VGA_display.v(643): truncated value with size 32 to match size of target (10)
Warning (10230): Verilog HDL assignment warning at VGA_display.v(645): truncated value with size 32 to match size of target (10)
Info (10041): Inferred latch for "board_cy[0]" at VGA_display.v(298)
Info (10041): Inferred latch for "board_cy[1]" at VGA_display.v(298)
Info (10041): Inferred latch for "board_cy[2]" at VGA_display.v(298)
Info (10041): Inferred latch for "board_cy[3]" at VGA_display.v(298)
Info (10041): Inferred latch for "board_cy[4]" at VGA_display.v(298)
Info (10041): Inferred latch for "board_cy[5]" at VGA_display.v(298)
Info (10041): Inferred latch for "board_cy[6]" at VGA_display.v(298)
Info (10041): Inferred latch for "board_cy[7]" at VGA_display.v(298)
Info (10041): Inferred latch for "board_cy[8]" at VGA_display.v(298)
Info (10041): Inferred latch for "board_cy[9]" at VGA_display.v(298)
Info (10041): Inferred latch for "RGB[0]" at VGA_display.v(50)
Info (10041): Inferred latch for "RGB[1]" at VGA_display.v(50)
Info (10041): Inferred latch for "RGB[2]" at VGA_display.v(50)
Info (10041): Inferred latch for "RGB[3]" at VGA_display.v(50)
Info (10041): Inferred latch for "RGB[4]" at VGA_display.v(50)
Info (10041): Inferred latch for "RGB[5]" at VGA_display.v(50)
Info (10041): Inferred latch for "RGB[6]" at VGA_display.v(50)
Info (10041): Inferred latch for "RGB[7]" at VGA_display.v(50)
Info: Inferred 6 megafunctions from design logic
    Info: Inferred multiplier megafunction ("lpm_mult") from the following logic: "VGA_display:dis|Mult0"
    Info: Inferred multiplier megafunction ("lpm_mult") from the following logic: "VGA_display:dis|Mult1"
    Info: Inferred multiplier megafunction ("lpm_mult") from the following logic: "VGA_display:dis|Mult2"
    Info: Inferred multiplier megafunction ("lpm_mult") from the following logic: "VGA_display:dis|Mult3"
    Info: Inferred multiplier megafunction ("lpm_mult") from the following logic: "VGA_display:dis|Mult4"
    Info: Inferred multiplier megafunction ("lpm_mult") from the following logic: "VGA_display:dis|Mult5"
Info: Elaborated megafunction instantiation "VGA_display:dis|lpm_mult:Mult0"
Info: Instantiated megafunction "VGA_display:dis|lpm_mult:Mult0" with the following parameter:
    Info: Parameter "LPM_WIDTHA" = "11"
    Info: Parameter "LPM_WIDTHB" = "11"
    Info: Parameter "LPM_WIDTHP" = "22"
    Info: Parameter "LPM_WIDTHR" = "22"
    Info: Parameter "LPM_WIDTHS" = "1"
    Info: Parameter "LPM_REPRESENTATION" = "SIGNED"
    Info: Parameter "INPUT_A_IS_CONSTANT" = "NO"
    Info: Parameter "INPUT_B_IS_CONSTANT" = "NO"
    Info: Parameter "MAXIMIZE_SPEED" = "6"
Info: Found 1 design units, including 1 entities, in source file db/mult_g4t.tdf
    Info: Found entity 1: mult_g4t
Warning: Latch VGA_display:dis|RGB[5] has unsafe behavior
    Warning: Ports D and ENA on the latch are fed by the same signal VGA_display:dis|n[1]
Warning: Latch VGA_display:dis|RGB[6] has unsafe behavior
    Warning: Ports D and ENA on the latch are fed by the same signal VGA_display:dis|n[1]
Warning: Latch VGA_display:dis|RGB[7] has unsafe behavior
    Warning: Ports D and ENA on the latch are fed by the same signal VGA_display:dis|n[2]
Warning: Latch VGA_display:dis|RGB[0] has unsafe behavior
    Warning: Ports D and ENA on the latch are fed by the same signal VGA_display:dis|n[0]
Warning: Latch VGA_display:dis|RGB[1] has unsafe behavior
    Warning: Ports D and ENA on the latch are fed by the same signal VGA_display:dis|n[2]
Warning: Latch VGA_display:dis|RGB[2] has unsafe behavior
    Warning: Ports D and ENA on the latch are fed by the same signal VGA_display:dis|n[0]
Warning: Latch VGA_display:dis|RGB[3] has unsafe behavior
    Warning: Ports D and ENA on the latch are fed by the same signal VGA_display:dis|n[0]
Warning: Latch VGA_display:dis|RGB[4] has unsafe behavior
    Warning: Ports D and ENA on the latch are fed by the same signal VGA_display:dis|n[0]
Info: Registers with preset signals will power-up high
Info: DEV_CLRn pin will set, and not reset, register with preset signal due to NOT Gate Push-Back
Warning: Output pins are stuck at VCC or GND
    Warning (13410): Pin "ps2_byte[7]" is stuck at GND
Info: Timing-Driven Synthesis is running
Info: Generated suppressed messages file D:/zhuangqiu/vga_d.map.smsg
Info: Implemented 1185 device resources after synthesis - the final resource count might be different
    Info: Implemented 5 input pins
    Info: Implemented 18 output pins
    Info: Implemented 1150 logic cells
    Info: Implemented 12 DSP elements
Info: Quartus II Analysis & Synthesis was successful. 0 errors, 61 warnings
    Info: Peak virtual memory: 268 megabytes
    Info: Processing ended: Mon Mar 10 10:58:14 2014
    Info: Elapsed time: 00:00:10
    Info: Total CPU time (on all processors): 00:00:10


+------------------------------------------+
; Analysis & Synthesis Suppressed Messages ;
+------------------------------------------+
The suppressed messages can be found in D:/zhuangqiu/vga_d.map.smsg.


