Flow report for vga_d
Mon Mar 10 10:58:29 2014
Quartus II Version 9.1 Build 222 10/21/2009 SJ Full Version


---------------------
; Table of Contents ;
---------------------
  1. Legal Notice
  2. Flow Summary
  3. Flow Settings
  4. Flow Non-Default Global Settings
  5. Flow Elapsed Time
  6. Flow OS Summary
  7. Flow Log



----------------
; Legal Notice ;
----------------
Copyright (C) 1991-2009 Altera Corporation
Your use of Altera Corporation's design tools, logic functions 
and other software and tools, and its AMPP partner logic 
functions, and any output files from any of the foregoing 
(including device programming or simulation files), and any 
associated documentation or information are expressly subject 
to the terms and conditions of the Altera Program License 
Subscription Agreement, Altera MegaCore Function License 
Agreement, or other applicable license agreement, including, 
without limitation, that your use is for the sole purpose of 
programming logic devices manufactured by Altera and sold by 
Altera or its authorized distributors.  Please refer to the 
applicable agreement for further details.



+-------------------------------------------------------------------------------+
; Flow Summary                                                                  ;
+------------------------------------+------------------------------------------+
; Flow Status                        ; Successful - Mon Mar 10 10:58:26 2014    ;
; Quartus II Version                 ; 9.1 Build 222 10/21/2009 SJ Full Version ;
; Revision Name                      ; vga_d                                    ;
; Top-level Entity Name              ; vga_d                                    ;
; Family                             ; Cyclone III                              ;
; Device                             ; EP3C16F484C6                             ;
; Timing Models                      ; Final                                    ;
; Met timing requirements            ; N/A                                      ;
; Total logic elements               ; 1,142 / 15,408 ( 7 % )                   ;
;     Total combinational functions  ; 1,138 / 15,408 ( 7 % )                   ;
;     Dedicated logic registers      ; 237 / 15,408 ( 2 % )                     ;
; Total registers                    ; 237                                      ;
; Total pins                         ; 23 / 347 ( 7 % )                         ;
; Total virtual pins                 ; 0                                        ;
; Total memory bits                  ; 0 / 516,096 ( 0 % )                      ;
; Embedded Multiplier 9-bit elements ; 12 / 112 ( 11 % )                        ;
; Total PLLs                         ; 0 / 4 ( 0 % )                            ;
+------------------------------------+------------------------------------------+


+-----------------------------------------+
; Flow Settings                           ;
+-------------------+---------------------+
; Option            ; Setting             ;
+-------------------+---------------------+
; Start date & time ; 03/10/2014 10:58:04 ;
; Main task         ; Compilation         ;
; Revision Name     ; vga_d               ;
+-------------------+---------------------+


+--------------------------------------------------------------------------------------------------------------------------------------------------------+
; Flow Non-Default Global Settings                                                                                                                       ;
+------------------------------------+--------------------------------------------------------------------+---------------+-------------+----------------+
; Assignment Name                    ; Value                                                              ; Default Value ; Entity Name ; Section Id     ;
+------------------------------------+--------------------------------------------------------------------+---------------+-------------+----------------+
; COMPILER_SIGNATURE_ID              ; 42251058922150.139442028407388                                     ; --            ; --          ; --             ;
; MAX_CORE_JUNCTION_TEMP             ; 85                                                                 ; --            ; --          ; --             ;
; MIN_CORE_JUNCTION_TEMP             ; 0                                                                  ; --            ; --          ; --             ;
; MISC_FILE                          ; C:/Users/¶Å¶Å/Desktop/Electronic_Course_Design/zhuangqiu/vga_d.dpf ; --            ; --          ; --             ;
; MISC_FILE                          ; D:/zhuangqiu/vga_d.dpf                                             ; --            ; --          ; --             ;
; NOMINAL_CORE_SUPPLY_VOLTAGE        ; 1.2V                                                               ; --            ; --          ; --             ;
; PARTITION_COLOR                    ; 16764057                                                           ; --            ; --          ; Top            ;
; PARTITION_NETLIST_TYPE             ; SOURCE                                                             ; --            ; --          ; Top            ;
; USE_GENERATED_PHYSICAL_CONSTRAINTS ; Off                                                                ; --            ; --          ; eda_blast_fpga ;
+------------------------------------+--------------------------------------------------------------------+---------------+-------------+----------------+


+-------------------------------------------------------------------------------------------------------------------------------+
; Flow Elapsed Time                                                                                                             ;
+---------------------------+--------------+-------------------------+---------------------+------------------------------------+
; Module Name               ; Elapsed Time ; Average Processors Used ; Peak Virtual Memory ; Total CPU Time (on all processors) ;
+---------------------------+--------------+-------------------------+---------------------+------------------------------------+
; Analysis & Synthesis      ; 00:00:09     ; 1.0                     ; 268 MB              ; 00:00:10                           ;
; Fitter                    ; 00:00:09     ; 1.5                     ; 333 MB              ; 00:00:10                           ;
; TimeQuest Timing Analyzer ; 00:00:05     ; 1.0                     ; 274 MB              ; 00:00:05                           ;
; Assembler                 ; 00:00:02     ; 1.0                     ; 242 MB              ; 00:00:02                           ;
; Total                     ; 00:00:23     ; --                      ; --                  ; 00:00:25                           ;
+---------------------------+--------------+-------------------------+---------------------+------------------------------------+


+--------------------------------------------------------------------------------------------+
; Flow OS Summary                                                                            ;
+---------------------------+------------------+---------------+------------+----------------+
; Module Name               ; Machine Hostname ; OS Name       ; OS Version ; Processor type ;
+---------------------------+------------------+---------------+------------+----------------+
; Analysis & Synthesis      ; acer-PC          ; Windows Vista ; 6.0        ; x86_64         ;
; Fitter                    ; acer-PC          ; Windows Vista ; 6.0        ; x86_64         ;
; Assembler                 ; acer-PC          ; Windows Vista ; 6.0        ; x86_64         ;
; TimeQuest Timing Analyzer ; acer-PC          ; Windows Vista ; 6.0        ; x86_64         ;
+---------------------------+------------------+---------------+------------+----------------+


------------
; Flow Log ;
------------
quartus_map --read_settings_files=on --write_settings_files=off vga_d -c vga_d
quartus_fit --read_settings_files=off --write_settings_files=off vga_d -c vga_d
quartus_asm --read_settings_files=off --write_settings_files=off vga_d -c vga_d
quartus_sta vga_d -c vga_d



